<?xml version="1.0" encoding="UTF-8"?>
<robot generator="Robot 4.1 (Python 3.9.6 on darwin)" generated="20210817 14:12:08.629" rpa="false" schemaversion="2">
<suite id="s1" name="Login Form" source="/Users/laylla.rodrigues/login/web/test/login_form.robot">
<test id="s1-t1" name="Login com sucesso">
<kw name="Nova sessão" library="base" type="SETUP">
<kw name="Open Browser" library="SeleniumLibrary">
<arg>${url}</arg>
<arg>chrome</arg>
<doc>Opens a new browser instance to the optional ``url``.</doc>
<msg timestamp="20210817 14:12:08.875" level="INFO">Opening browser 'chrome' to base url 'https://www.youse.com.br/users/email_verifications/new'.</msg>
<status status="PASS" starttime="20210817 14:12:08.874" endtime="20210817 14:12:18.488"/>
</kw>
<status status="PASS" starttime="20210817 14:12:08.874" endtime="20210817 14:12:18.488"/>
</kw>
<kw name="Go To" library="SeleniumLibrary">
<arg>${url}</arg>
<doc>Navigates the current browser window to the provided ``url``.</doc>
<msg timestamp="20210817 14:12:18.490" level="INFO">Opening url 'https://www.youse.com.br/users/email_verifications/new'</msg>
<status status="PASS" starttime="20210817 14:12:18.489" endtime="20210817 14:12:19.566"/>
</kw>
<kw name="Login With">
<arg>laylla.rodrigues@youse.com.br</arg>
<arg>Youse123*</arg>
<kw name="Input Text" library="SeleniumLibrary">
<arg>css:input[name=email]</arg>
<arg>${uname}</arg>
<doc>Types the given ``text`` into the text field identified by ``locator``.</doc>
<msg timestamp="20210817 14:12:19.568" level="INFO">Typing text 'laylla.rodrigues@youse.com.br' into text field 'css:input[name=email]'.</msg>
<status status="PASS" starttime="20210817 14:12:19.567" endtime="20210817 14:12:20.112"/>
</kw>
<kw name="Click Element" library="SeleniumLibrary">
<arg>css:input[name='commit']</arg>
<doc>Click the element identified by ``locator``.</doc>
<msg timestamp="20210817 14:12:20.114" level="INFO">Clicking element 'css:input[name='commit']'.</msg>
<status status="PASS" starttime="20210817 14:12:20.113" endtime="20210817 14:12:21.580"/>
</kw>
<kw name="Input Text" library="SeleniumLibrary">
<arg>css:input[name='user[password]']</arg>
<arg>${pass}</arg>
<doc>Types the given ``text`` into the text field identified by ``locator``.</doc>
<msg timestamp="20210817 14:12:21.581" level="INFO">Typing text 'Youse123*' into text field 'css:input[name='user[password]']'.</msg>
<status status="PASS" starttime="20210817 14:12:21.581" endtime="20210817 14:12:21.823"/>
</kw>
<kw name="Click Element" library="SeleniumLibrary">
<arg>css:input[name='commit']</arg>
<doc>Click the element identified by ``locator``.</doc>
<msg timestamp="20210817 14:12:21.824" level="INFO">Clicking element 'css:input[name='commit']'.</msg>
<status status="PASS" starttime="20210817 14:12:21.824" endtime="20210817 14:12:24.227"/>
</kw>
<status status="PASS" starttime="20210817 14:12:19.566" endtime="20210817 14:12:24.227"/>
</kw>
<kw name="Sleep" library="BuiltIn">
<arg>5s</arg>
<doc>Pauses the test executed for the given time.</doc>
<msg timestamp="20210817 14:12:29.229" level="INFO">Slept 5 seconds</msg>
<status status="PASS" starttime="20210817 14:12:24.227" endtime="20210817 14:12:29.229"/>
</kw>
<kw name="Current Frame Should Contain" library="SeleniumLibrary">
<arg>Login efetuado com sucesso.</arg>
<doc>Verifies that the current frame contains ``text``.</doc>
<msg timestamp="20210817 14:12:29.257" level="INFO">Current frame contains text 'Login efetuado com sucesso.'.</msg>
<status status="PASS" starttime="20210817 14:12:29.229" endtime="20210817 14:12:29.257"/>
</kw>
<kw name="Encerra sessão" library="base" type="TEARDOWN">
<kw name="Capture Page Screenshot" library="SeleniumLibrary">
<doc>Takes a screenshot of the current page and embeds it into a log file.</doc>
<msg timestamp="20210817 14:12:29.489" level="INFO" html="true">&lt;/td&gt;&lt;/tr&gt;&lt;tr&gt;&lt;td colspan="3"&gt;&lt;a href="selenium-screenshot-14.png"&gt;&lt;img src="selenium-screenshot-14.png" width="800px"&gt;&lt;/a&gt;</msg>
<status status="PASS" starttime="20210817 14:12:29.259" endtime="20210817 14:12:29.489"/>
</kw>
<kw name="Close Browser" library="SeleniumLibrary">
<doc>Closes the current browser.</doc>
<status status="PASS" starttime="20210817 14:12:29.490" endtime="20210817 14:12:29.717"/>
</kw>
<status status="PASS" starttime="20210817 14:12:29.258" endtime="20210817 14:12:29.717"/>
</kw>
<status status="PASS" starttime="20210817 14:12:08.873" endtime="20210817 14:12:29.718"/>
</test>
<test id="s1-t2" name="Login sem sucesso">
<kw name="Nova sessão" library="base" type="SETUP">
<kw name="Open Browser" library="SeleniumLibrary">
<arg>${url}</arg>
<arg>chrome</arg>
<doc>Opens a new browser instance to the optional ``url``.</doc>
<msg timestamp="20210817 14:12:29.721" level="INFO">Opening browser 'chrome' to base url 'https://www.youse.com.br/users/email_verifications/new'.</msg>
<status status="PASS" starttime="20210817 14:12:29.721" endtime="20210817 14:12:39.776"/>
</kw>
<status status="PASS" starttime="20210817 14:12:29.720" endtime="20210817 14:12:39.776"/>
</kw>
<kw name="Go To" library="SeleniumLibrary">
<arg>${url}</arg>
<doc>Navigates the current browser window to the provided ``url``.</doc>
<msg timestamp="20210817 14:12:39.778" level="INFO">Opening url 'https://www.youse.com.br/users/email_verifications/new'</msg>
<status status="PASS" starttime="20210817 14:12:39.777" endtime="20210817 14:12:41.132"/>
</kw>
<kw name="Login With">
<arg>laylla.rodrigues@youse.com.br</arg>
<arg>Youse123</arg>
<kw name="Input Text" library="SeleniumLibrary">
<arg>css:input[name=email]</arg>
<arg>${uname}</arg>
<doc>Types the given ``text`` into the text field identified by ``locator``.</doc>
<msg timestamp="20210817 14:12:41.133" level="INFO">Typing text 'laylla.rodrigues@youse.com.br' into text field 'css:input[name=email]'.</msg>
<status status="PASS" starttime="20210817 14:12:41.133" endtime="20210817 14:12:41.738"/>
</kw>
<kw name="Click Element" library="SeleniumLibrary">
<arg>css:input[name='commit']</arg>
<doc>Click the element identified by ``locator``.</doc>
<msg timestamp="20210817 14:12:41.739" level="INFO">Clicking element 'css:input[name='commit']'.</msg>
<status status="PASS" starttime="20210817 14:12:41.738" endtime="20210817 14:12:43.170"/>
</kw>
<kw name="Input Text" library="SeleniumLibrary">
<arg>css:input[name='user[password]']</arg>
<arg>${pass}</arg>
<doc>Types the given ``text`` into the text field identified by ``locator``.</doc>
<msg timestamp="20210817 14:12:43.171" level="INFO">Typing text 'Youse123' into text field 'css:input[name='user[password]']'.</msg>
<status status="PASS" starttime="20210817 14:12:43.171" endtime="20210817 14:12:43.419"/>
</kw>
<kw name="Click Element" library="SeleniumLibrary">
<arg>css:input[name='commit']</arg>
<doc>Click the element identified by ``locator``.</doc>
<msg timestamp="20210817 14:12:43.420" level="INFO">Clicking element 'css:input[name='commit']'.</msg>
<status status="PASS" starttime="20210817 14:12:43.420" endtime="20210817 14:12:44.983"/>
</kw>
<status status="PASS" starttime="20210817 14:12:41.132" endtime="20210817 14:12:44.983"/>
</kw>
<kw name="Sleep" library="BuiltIn">
<arg>5s</arg>
<doc>Pauses the test executed for the given time.</doc>
<msg timestamp="20210817 14:12:49.986" level="INFO">Slept 5 seconds</msg>
<status status="PASS" starttime="20210817 14:12:44.984" endtime="20210817 14:12:49.986"/>
</kw>
<kw name="Current Frame Should Contain" library="SeleniumLibrary">
<arg>Email ou senha inválidos.</arg>
<doc>Verifies that the current frame contains ``text``.</doc>
<msg timestamp="20210817 14:12:50.014" level="INFO">Current frame contains text 'Email ou senha inválidos.'.</msg>
<status status="PASS" starttime="20210817 14:12:49.987" endtime="20210817 14:12:50.014"/>
</kw>
<kw name="Encerra sessão" library="base" type="TEARDOWN">
<kw name="Capture Page Screenshot" library="SeleniumLibrary">
<doc>Takes a screenshot of the current page and embeds it into a log file.</doc>
<msg timestamp="20210817 14:12:50.261" level="INFO" html="true">&lt;/td&gt;&lt;/tr&gt;&lt;tr&gt;&lt;td colspan="3"&gt;&lt;a href="selenium-screenshot-15.png"&gt;&lt;img src="selenium-screenshot-15.png" width="800px"&gt;&lt;/a&gt;</msg>
<status status="PASS" starttime="20210817 14:12:50.016" endtime="20210817 14:12:50.261"/>
</kw>
<kw name="Close Browser" library="SeleniumLibrary">
<doc>Closes the current browser.</doc>
<status status="PASS" starttime="20210817 14:12:50.261" endtime="20210817 14:12:50.494"/>
</kw>
<status status="PASS" starttime="20210817 14:12:50.015" endtime="20210817 14:12:50.494"/>
</kw>
<status status="PASS" starttime="20210817 14:12:29.719" endtime="20210817 14:12:50.495"/>
</test>
<status status="PASS" starttime="20210817 14:12:08.631" endtime="20210817 14:12:50.497"/>
</suite>
<statistics>
<total>
<stat pass="2" fail="0" skip="0">All Tests</stat>
</total>
<tag>
</tag>
<suite>
<stat pass="2" fail="0" skip="0" id="s1" name="Login Form">Login Form</stat>
</suite>
</statistics>
<errors>
</errors>
</robot>
